[ 2016-09-15T21:29:34+08:00 ] 127.0.0.1 /
INFO: [ app_init ] --START--
INFO: Run Behavior\BuildLiteBehavior [ RunTime:0.000031s ]
INFO: [ app_init ] --END-- [ RunTime:0.000580s ]
INFO: [ app_begin ] --START--
NOTIC: [8] Undefined variable: cacheTime E:\program_files\wamp\www\shopbill\ThinkPHP\Library\Behavior\ReadHtmlCacheBehavior.class.php 第 32 行.
NOTIC: [8] Use of undefined constant HTML_FILE_NAME - assumed 'HTML_FILE_NAME' E:\program_files\wamp\www\shopbill\ThinkPHP\Library\Behavior\ReadHtmlCacheBehavior.class.php 第 32 行.
NOTIC: [8] Undefined variable: cacheTime E:\program_files\wamp\www\shopbill\ThinkPHP\Library\Behavior\ReadHtmlCacheBehavior.class.php 第 32 行.
INFO: Run Behavior\ReadHtmlCacheBehavior [ RunTime:0.001289s ]
INFO: [ app_begin ] --END-- [ RunTime:0.001501s ]
SQL: SHOW COLUMNS FROM `shopbill_category` [ RunTime:0.0042s ]
SQL: SELECT * FROM `shopbill_category`  [ RunTime:0.0006s ]
SQL: SHOW COLUMNS FROM `shopbill_goods` [ RunTime:0.0060s ]
SQL: select id,goods_name,promote_price,mid_logo from shopbill_goods 
		where is_on_sale='是' and '2016-09-15 21:29:34' between promote_start_date and promote_end_date order by sort_num limit 5 [ RunTime:0.0009s ]
SQL: select id,goods_name,shop_price,mid_logo from shopbill_goods 
		where is_on_sale='是' and is_new='是' order by sort_num limit 5 [ RunTime:0.0007s ]
SQL: select id,goods_name,shop_price,mid_logo from shopbill_goods 
		where is_on_sale='是' and is_hot='是' order by sort_num limit 5 [ RunTime:0.0005s ]
SQL: select id,goods_name,shop_price,mid_logo from shopbill_goods 
		where is_on_sale='是' and is_best='是' order by sort_num limit 5 [ RunTime:0.0005s ]
SQL: SELECT * FROM `shopbill_category` WHERE `parent_id` = 0 AND `is_floor` = '是'  [ RunTime:0.0007s ]
SQL: SELECT * FROM `shopbill_category` WHERE `parent_id` = 2 AND `is_floor` = '否'  [ RunTime:0.0007s ]
SQL: SELECT * FROM `shopbill_category` WHERE `parent_id` = '2' AND `is_floor` = '是'  [ RunTime:0.0007s ]
SQL: SHOW COLUMNS FROM `shopbill_category` [ RunTime:0.0063s ]
SQL: SELECT * FROM `shopbill_category`  [ RunTime:0.0008s ]
SQL: SELECT `id` FROM `shopbill_goods` WHERE `cat_id` IN ('37','21')  [ RunTime:0.0005s ]
SQL: SHOW COLUMNS FROM `shopbill_goods_cat` [ RunTime:0.0045s ]
SQL: SELECT distinct goods_id id FROM `shopbill_goods_cat` WHERE `cat_id` IN ('37','21')  [ RunTime:0.0007s ]
SQL: select id,goods_name,shop_price,mid_logo from shopbill_goods 
					where is_on_sale = '是' and is_floor = '是' and id in(18,19,20,25) 
					order by sort_num limit 8 [ RunTime:0.0007s ]
SQL: SELECT * FROM `shopbill_category`  [ RunTime:0.0007s ]
SQL: SELECT `id` FROM `shopbill_goods` WHERE `cat_id` IN ('38','34')  [ RunTime:0.0005s ]
SQL: SELECT distinct goods_id id FROM `shopbill_goods_cat` WHERE `cat_id` IN ('38','34')  [ RunTime:0.0006s ]
SQL: select id,goods_name,shop_price,mid_logo from shopbill_goods 
					where is_on_sale = '是' and is_floor = '是' and id in(21) 
					order by sort_num limit 8 [ RunTime:0.0009s ]
SQL: SELECT * FROM `shopbill_category`  [ RunTime:0.0008s ]
SQL: SELECT `id` FROM `shopbill_goods` WHERE `cat_id` IN ('21','37','34','38','35','36','2')  [ RunTime:0.0005s ]
SQL: SELECT distinct goods_id id FROM `shopbill_goods_cat` WHERE `cat_id` IN ('21','37','34','38','35','36','2')  [ RunTime:0.0005s ]
SQL: select distinct t2.logo from shopbill_goods t1 
				left join shopbill_brand t2 on t1.brand_id = t2.id
				where t1.id in(15,16,18,19,20,21,25) and t1.brand_id!=0 
				order by t1.sort_num limit 8 [ RunTime:0.0009s ]
SQL: SELECT * FROM `shopbill_category` WHERE `parent_id` = 5 AND `is_floor` = '否'  [ RunTime:0.0005s ]
SQL: SELECT * FROM `shopbill_category` WHERE `parent_id` = '5' AND `is_floor` = '是'  [ RunTime:0.0005s ]
SQL: SELECT * FROM `shopbill_category`  [ RunTime:0.0005s ]
SQL: SELECT `id` FROM `shopbill_goods` WHERE `cat_id` IN ('42','43','41')  [ RunTime:0.0004s ]
SQL: SELECT distinct goods_id id FROM `shopbill_goods_cat` WHERE `cat_id` IN ('42','43','41')  [ RunTime:0.0005s ]
SQL: select id,goods_name,shop_price,mid_logo from shopbill_goods 
					where is_on_sale = '是' and is_floor = '是' and id in(26,27,28,29) 
					order by sort_num limit 8 [ RunTime:0.0006s ]
SQL: SELECT * FROM `shopbill_category`  [ RunTime:0.0005s ]
SQL: SELECT `id` FROM `shopbill_goods` WHERE `cat_id` IN ('46')  [ RunTime:0.0004s ]
SQL: SELECT distinct goods_id id FROM `shopbill_goods_cat` WHERE `cat_id` IN ('46')  [ RunTime:0.0006s ]
SQL: select id,goods_name,shop_price,mid_logo from shopbill_goods 
					where is_on_sale = '是' and is_floor = '是' and id in(30) 
					order by sort_num limit 8 [ RunTime:0.0004s ]
SQL: SELECT * FROM `shopbill_category`  [ RunTime:0.0005s ]
SQL: SELECT `id` FROM `shopbill_goods` WHERE `cat_id` IN ('41','42','43','44','45','46','5')  [ RunTime:0.0004s ]
SQL: SELECT distinct goods_id id FROM `shopbill_goods_cat` WHERE `cat_id` IN ('41','42','43','44','45','46','5')  [ RunTime:0.0004s ]
SQL: select distinct t2.logo from shopbill_goods t1 
				left join shopbill_brand t2 on t1.brand_id = t2.id
				where t1.id in(26,27,28,29,30) and t1.brand_id!=0 
				order by t1.sort_num limit 8 [ RunTime:0.0009s ]
INFO: [ view_parse ] --START--
INFO: [ template_filter ] --START--
INFO: Run Behavior\ContentReplaceBehavior [ RunTime:0.000179s ]
INFO: [ template_filter ] --END-- [ RunTime:0.000321s ]
NOTIC: [8] Undefined index: children E:\program_files\wamp\www\shopbill\Application\Runtime\Cache\Home\2a94b8bda04ff446dcedd42276fc99ee.php 第 157 行.
NOTIC: [2] Invalid argument supplied for foreach() E:\program_files\wamp\www\shopbill\Application\Runtime\Cache\Home\2a94b8bda04ff446dcedd42276fc99ee.php 第 157 行.
NOTIC: [8] Undefined index: children E:\program_files\wamp\www\shopbill\Application\Runtime\Cache\Home\2a94b8bda04ff446dcedd42276fc99ee.php 第 157 行.
NOTIC: [2] Invalid argument supplied for foreach() E:\program_files\wamp\www\shopbill\Application\Runtime\Cache\Home\2a94b8bda04ff446dcedd42276fc99ee.php 第 157 行.
NOTIC: [8] Undefined index: children E:\program_files\wamp\www\shopbill\Application\Runtime\Cache\Home\2a94b8bda04ff446dcedd42276fc99ee.php 第 157 行.
NOTIC: [2] Invalid argument supplied for foreach() E:\program_files\wamp\www\shopbill\Application\Runtime\Cache\Home\2a94b8bda04ff446dcedd42276fc99ee.php 第 157 行.
NOTIC: [8] Undefined index: children E:\program_files\wamp\www\shopbill\Application\Runtime\Cache\Home\2a94b8bda04ff446dcedd42276fc99ee.php 第 157 行.
NOTIC: [2] Invalid argument supplied for foreach() E:\program_files\wamp\www\shopbill\Application\Runtime\Cache\Home\2a94b8bda04ff446dcedd42276fc99ee.php 第 157 行.
NOTIC: [8] Undefined index: children E:\program_files\wamp\www\shopbill\Application\Runtime\Cache\Home\2a94b8bda04ff446dcedd42276fc99ee.php 第 157 行.
NOTIC: [2] Invalid argument supplied for foreach() E:\program_files\wamp\www\shopbill\Application\Runtime\Cache\Home\2a94b8bda04ff446dcedd42276fc99ee.php 第 157 行.
NOTIC: [8] Undefined index: children E:\program_files\wamp\www\shopbill\Application\Runtime\Cache\Home\2a94b8bda04ff446dcedd42276fc99ee.php 第 157 行.
NOTIC: [2] Invalid argument supplied for foreach() E:\program_files\wamp\www\shopbill\Application\Runtime\Cache\Home\2a94b8bda04ff446dcedd42276fc99ee.php 第 157 行.
NOTIC: [8] Undefined index: children E:\program_files\wamp\www\shopbill\Application\Runtime\Cache\Home\2a94b8bda04ff446dcedd42276fc99ee.php 第 152 行.
NOTIC: [2] Invalid argument supplied for foreach() E:\program_files\wamp\www\shopbill\Application\Runtime\Cache\Home\2a94b8bda04ff446dcedd42276fc99ee.php 第 152 行.
NOTIC: [8] Undefined index: children E:\program_files\wamp\www\shopbill\Application\Runtime\Cache\Home\2a94b8bda04ff446dcedd42276fc99ee.php 第 157 行.
NOTIC: [2] Invalid argument supplied for foreach() E:\program_files\wamp\www\shopbill\Application\Runtime\Cache\Home\2a94b8bda04ff446dcedd42276fc99ee.php 第 157 行.
NOTIC: [8] Undefined index: children E:\program_files\wamp\www\shopbill\Application\Runtime\Cache\Home\2a94b8bda04ff446dcedd42276fc99ee.php 第 157 行.
NOTIC: [2] Invalid argument supplied for foreach() E:\program_files\wamp\www\shopbill\Application\Runtime\Cache\Home\2a94b8bda04ff446dcedd42276fc99ee.php 第 157 行.
NOTIC: [8] Undefined index: children E:\program_files\wamp\www\shopbill\Application\Runtime\Cache\Home\2a94b8bda04ff446dcedd42276fc99ee.php 第 157 行.
NOTIC: [2] Invalid argument supplied for foreach() E:\program_files\wamp\www\shopbill\Application\Runtime\Cache\Home\2a94b8bda04ff446dcedd42276fc99ee.php 第 157 行.
NOTIC: [8] Undefined index: children E:\program_files\wamp\www\shopbill\Application\Runtime\Cache\Home\2a94b8bda04ff446dcedd42276fc99ee.php 第 152 行.
NOTIC: [2] Invalid argument supplied for foreach() E:\program_files\wamp\www\shopbill\Application\Runtime\Cache\Home\2a94b8bda04ff446dcedd42276fc99ee.php 第 152 行.
NOTIC: [8] Undefined index: children E:\program_files\wamp\www\shopbill\Application\Runtime\Cache\Home\2a94b8bda04ff446dcedd42276fc99ee.php 第 152 行.
NOTIC: [2] Invalid argument supplied for foreach() E:\program_files\wamp\www\shopbill\Application\Runtime\Cache\Home\2a94b8bda04ff446dcedd42276fc99ee.php 第 152 行.
NOTIC: [8] Undefined index: children E:\program_files\wamp\www\shopbill\Application\Runtime\Cache\Home\2a94b8bda04ff446dcedd42276fc99ee.php 第 152 行.
NOTIC: [2] Invalid argument supplied for foreach() E:\program_files\wamp\www\shopbill\Application\Runtime\Cache\Home\2a94b8bda04ff446dcedd42276fc99ee.php 第 152 行.
NOTIC: [8] Undefined index: children E:\program_files\wamp\www\shopbill\Application\Runtime\Cache\Home\2a94b8bda04ff446dcedd42276fc99ee.php 第 152 行.
NOTIC: [2] Invalid argument supplied for foreach() E:\program_files\wamp\www\shopbill\Application\Runtime\Cache\Home\2a94b8bda04ff446dcedd42276fc99ee.php 第 152 行.
NOTIC: [8] Undefined index: children E:\program_files\wamp\www\shopbill\Application\Runtime\Cache\Home\2a94b8bda04ff446dcedd42276fc99ee.php 第 152 行.
NOTIC: [2] Invalid argument supplied for foreach() E:\program_files\wamp\www\shopbill\Application\Runtime\Cache\Home\2a94b8bda04ff446dcedd42276fc99ee.php 第 152 行.
NOTIC: [8] Undefined index: children E:\program_files\wamp\www\shopbill\Application\Runtime\Cache\Home\2a94b8bda04ff446dcedd42276fc99ee.php 第 152 行.
NOTIC: [2] Invalid argument supplied for foreach() E:\program_files\wamp\www\shopbill\Application\Runtime\Cache\Home\2a94b8bda04ff446dcedd42276fc99ee.php 第 152 行.
NOTIC: [8] Undefined index: children E:\program_files\wamp\www\shopbill\Application\Runtime\Cache\Home\2a94b8bda04ff446dcedd42276fc99ee.php 第 152 行.
NOTIC: [2] Invalid argument supplied for foreach() E:\program_files\wamp\www\shopbill\Application\Runtime\Cache\Home\2a94b8bda04ff446dcedd42276fc99ee.php 第 152 行.
NOTIC: [8] Undefined index: children E:\program_files\wamp\www\shopbill\Application\Runtime\Cache\Home\2a94b8bda04ff446dcedd42276fc99ee.php 第 152 行.
NOTIC: [2] Invalid argument supplied for foreach() E:\program_files\wamp\www\shopbill\Application\Runtime\Cache\Home\2a94b8bda04ff446dcedd42276fc99ee.php 第 152 行.
INFO: Run Behavior\ParseTemplateBehavior [ RunTime:0.065482s ]
INFO: [ view_parse ] --END-- [ RunTime:0.065645s ]
INFO: [ view_filter ] --START--
INFO: Run Behavior\WriteHtmlCacheBehavior [ RunTime:0.000517s ]
INFO: [ view_filter ] --END-- [ RunTime:0.000643s ]
INFO: [ app_end ] --START--
INFO: Run Behavior\ShowPageTraceBehavior [ RunTime:0.001587s ]
INFO: [ app_end ] --END-- [ RunTime:0.001885s ]

[ 2016-09-15T21:29:35+08:00 ] 127.0.0.1 /Home/Member/ajaxChklogin.html
INFO: [ app_init ] --START--
INFO: Run Behavior\BuildLiteBehavior [ RunTime:0.000066s ]
INFO: [ app_init ] --END-- [ RunTime:0.001081s ]
INFO: [ app_begin ] --START--
NOTIC: [8] Undefined variable: cacheTime E:\program_files\wamp\www\shopbill\ThinkPHP\Library\Behavior\ReadHtmlCacheBehavior.class.php 第 32 行.
NOTIC: [8] Use of undefined constant HTML_FILE_NAME - assumed 'HTML_FILE_NAME' E:\program_files\wamp\www\shopbill\ThinkPHP\Library\Behavior\ReadHtmlCacheBehavior.class.php 第 32 行.
NOTIC: [8] Undefined variable: cacheTime E:\program_files\wamp\www\shopbill\ThinkPHP\Library\Behavior\ReadHtmlCacheBehavior.class.php 第 32 行.
INFO: Run Behavior\ReadHtmlCacheBehavior [ RunTime:0.002424s ]
INFO: [ app_begin ] --END-- [ RunTime:0.002653s ]
INFO: [ app_end ] --START--
INFO: Run Behavior\ShowPageTraceBehavior [ RunTime:0.004994s ]
INFO: [ app_end ] --END-- [ RunTime:0.005221s ]

[ 2016-09-15T21:29:40+08:00 ] 127.0.0.1 /Home/Index/goods/id/24.html
INFO: [ app_init ] --START--
INFO: Run Behavior\BuildLiteBehavior [ RunTime:0.000030s ]
INFO: [ app_init ] --END-- [ RunTime:0.000806s ]
INFO: [ app_begin ] --START--
NOTIC: [8] Undefined variable: cacheTime E:\program_files\wamp\www\shopbill\ThinkPHP\Library\Behavior\ReadHtmlCacheBehavior.class.php 第 32 行.
NOTIC: [8] Use of undefined constant HTML_FILE_NAME - assumed 'HTML_FILE_NAME' E:\program_files\wamp\www\shopbill\ThinkPHP\Library\Behavior\ReadHtmlCacheBehavior.class.php 第 32 行.
NOTIC: [8] Undefined variable: cacheTime E:\program_files\wamp\www\shopbill\ThinkPHP\Library\Behavior\ReadHtmlCacheBehavior.class.php 第 32 行.
INFO: Run Behavior\ReadHtmlCacheBehavior [ RunTime:0.001102s ]
INFO: [ app_begin ] --END-- [ RunTime:0.001229s ]
SQL: SHOW COLUMNS FROM `shopbill_category` [ RunTime:0.0079s ]
SQL: SELECT * FROM `shopbill_category`  [ RunTime:0.0006s ]
SQL: SHOW COLUMNS FROM `shopbill_goods` [ RunTime:0.0049s ]
SQL: SELECT * FROM `shopbill_goods` WHERE `id` = 24 LIMIT 1   [ RunTime:0.0006s ]
SQL: SELECT * FROM `shopbill_category` WHERE `id` = 39 LIMIT 1   [ RunTime:0.0004s ]
SQL: SELECT * FROM `shopbill_category` WHERE `id` = 3 LIMIT 1   [ RunTime:0.0003s ]
SQL: select t1.price,t2.level_name from shopbill_member_price t1
		left join shopbill_member_level t2 on t2.id = t1.level_id 
		where t1.goods_id = 24 [ RunTime:0.0004s ]
SQL: select * from shopbill_goods_pic where goods_id = 24 [ RunTime:0.0003s ]
SQL: select t1.*,t2.attr_type,t2.attr_name from shopbill_goods_attr t1 
        left join shopbill_attribute t2 on t2.id = t1.attr_id 
        where t1.goods_id=24 [ RunTime:0.0004s ]
SQL: select count(1) num from shopbill_comment where goods_id='24' [ RunTime:0.1136s ]
SQL: select sum(star) total from shopbill_comment where goods_id='24' [ RunTime:0.0004s ]
NOTIC: [2] Division by zero E:\program_files\wamp\www\shopbill\Application\Home\Controller\IndexController.class.php 第 80 行.
NOTIC: [8] Undefined variable: realPrice E:\program_files\wamp\www\shopbill\Application\Home\Controller\IndexController.class.php 第 93 行.
INFO: [ view_parse ] --START--
INFO: [ template_filter ] --START--
INFO: Run Behavior\ContentReplaceBehavior [ RunTime:0.000333s ]
INFO: [ template_filter ] --END-- [ RunTime:0.000496s ]
NOTIC: [8] Undefined index: children E:\program_files\wamp\www\shopbill\Application\Runtime\Cache\Home\862a52d698112494831f0f0bc6d3727d.php 第 174 行.
NOTIC: [2] Invalid argument supplied for foreach() E:\program_files\wamp\www\shopbill\Application\Runtime\Cache\Home\862a52d698112494831f0f0bc6d3727d.php 第 174 行.
NOTIC: [8] Undefined index: children E:\program_files\wamp\www\shopbill\Application\Runtime\Cache\Home\862a52d698112494831f0f0bc6d3727d.php 第 174 行.
NOTIC: [2] Invalid argument supplied for foreach() E:\program_files\wamp\www\shopbill\Application\Runtime\Cache\Home\862a52d698112494831f0f0bc6d3727d.php 第 174 行.
NOTIC: [8] Undefined index: children E:\program_files\wamp\www\shopbill\Application\Runtime\Cache\Home\862a52d698112494831f0f0bc6d3727d.php 第 174 行.
NOTIC: [2] Invalid argument supplied for foreach() E:\program_files\wamp\www\shopbill\Application\Runtime\Cache\Home\862a52d698112494831f0f0bc6d3727d.php 第 174 行.
NOTIC: [8] Undefined index: children E:\program_files\wamp\www\shopbill\Application\Runtime\Cache\Home\862a52d698112494831f0f0bc6d3727d.php 第 174 行.
NOTIC: [2] Invalid argument supplied for foreach() E:\program_files\wamp\www\shopbill\Application\Runtime\Cache\Home\862a52d698112494831f0f0bc6d3727d.php 第 174 行.
NOTIC: [8] Undefined index: children E:\program_files\wamp\www\shopbill\Application\Runtime\Cache\Home\862a52d698112494831f0f0bc6d3727d.php 第 174 行.
NOTIC: [2] Invalid argument supplied for foreach() E:\program_files\wamp\www\shopbill\Application\Runtime\Cache\Home\862a52d698112494831f0f0bc6d3727d.php 第 174 行.
NOTIC: [8] Undefined index: children E:\program_files\wamp\www\shopbill\Application\Runtime\Cache\Home\862a52d698112494831f0f0bc6d3727d.php 第 174 行.
NOTIC: [2] Invalid argument supplied for foreach() E:\program_files\wamp\www\shopbill\Application\Runtime\Cache\Home\862a52d698112494831f0f0bc6d3727d.php 第 174 行.
NOTIC: [8] Undefined index: children E:\program_files\wamp\www\shopbill\Application\Runtime\Cache\Home\862a52d698112494831f0f0bc6d3727d.php 第 169 行.
NOTIC: [2] Invalid argument supplied for foreach() E:\program_files\wamp\www\shopbill\Application\Runtime\Cache\Home\862a52d698112494831f0f0bc6d3727d.php 第 169 行.
NOTIC: [8] Undefined index: children E:\program_files\wamp\www\shopbill\Application\Runtime\Cache\Home\862a52d698112494831f0f0bc6d3727d.php 第 174 行.
NOTIC: [2] Invalid argument supplied for foreach() E:\program_files\wamp\www\shopbill\Application\Runtime\Cache\Home\862a52d698112494831f0f0bc6d3727d.php 第 174 行.
NOTIC: [8] Undefined index: children E:\program_files\wamp\www\shopbill\Application\Runtime\Cache\Home\862a52d698112494831f0f0bc6d3727d.php 第 174 行.
NOTIC: [2] Invalid argument supplied for foreach() E:\program_files\wamp\www\shopbill\Application\Runtime\Cache\Home\862a52d698112494831f0f0bc6d3727d.php 第 174 行.
NOTIC: [8] Undefined index: children E:\program_files\wamp\www\shopbill\Application\Runtime\Cache\Home\862a52d698112494831f0f0bc6d3727d.php 第 174 行.
NOTIC: [2] Invalid argument supplied for foreach() E:\program_files\wamp\www\shopbill\Application\Runtime\Cache\Home\862a52d698112494831f0f0bc6d3727d.php 第 174 行.
NOTIC: [8] Undefined index: children E:\program_files\wamp\www\shopbill\Application\Runtime\Cache\Home\862a52d698112494831f0f0bc6d3727d.php 第 169 行.
NOTIC: [2] Invalid argument supplied for foreach() E:\program_files\wamp\www\shopbill\Application\Runtime\Cache\Home\862a52d698112494831f0f0bc6d3727d.php 第 169 行.
NOTIC: [8] Undefined index: children E:\program_files\wamp\www\shopbill\Application\Runtime\Cache\Home\862a52d698112494831f0f0bc6d3727d.php 第 169 行.
NOTIC: [2] Invalid argument supplied for foreach() E:\program_files\wamp\www\shopbill\Application\Runtime\Cache\Home\862a52d698112494831f0f0bc6d3727d.php 第 169 行.
NOTIC: [8] Undefined index: children E:\program_files\wamp\www\shopbill\Application\Runtime\Cache\Home\862a52d698112494831f0f0bc6d3727d.php 第 169 行.
NOTIC: [2] Invalid argument supplied for foreach() E:\program_files\wamp\www\shopbill\Application\Runtime\Cache\Home\862a52d698112494831f0f0bc6d3727d.php 第 169 行.
NOTIC: [8] Undefined index: children E:\program_files\wamp\www\shopbill\Application\Runtime\Cache\Home\862a52d698112494831f0f0bc6d3727d.php 第 169 行.
NOTIC: [2] Invalid argument supplied for foreach() E:\program_files\wamp\www\shopbill\Application\Runtime\Cache\Home\862a52d698112494831f0f0bc6d3727d.php 第 169 行.
NOTIC: [8] Undefined index: children E:\program_files\wamp\www\shopbill\Application\Runtime\Cache\Home\862a52d698112494831f0f0bc6d3727d.php 第 169 行.
NOTIC: [2] Invalid argument supplied for foreach() E:\program_files\wamp\www\shopbill\Application\Runtime\Cache\Home\862a52d698112494831f0f0bc6d3727d.php 第 169 行.
NOTIC: [8] Undefined index: children E:\program_files\wamp\www\shopbill\Application\Runtime\Cache\Home\862a52d698112494831f0f0bc6d3727d.php 第 169 行.
NOTIC: [2] Invalid argument supplied for foreach() E:\program_files\wamp\www\shopbill\Application\Runtime\Cache\Home\862a52d698112494831f0f0bc6d3727d.php 第 169 行.
NOTIC: [8] Undefined index: children E:\program_files\wamp\www\shopbill\Application\Runtime\Cache\Home\862a52d698112494831f0f0bc6d3727d.php 第 169 行.
NOTIC: [2] Invalid argument supplied for foreach() E:\program_files\wamp\www\shopbill\Application\Runtime\Cache\Home\862a52d698112494831f0f0bc6d3727d.php 第 169 行.
NOTIC: [8] Undefined index: children E:\program_files\wamp\www\shopbill\Application\Runtime\Cache\Home\862a52d698112494831f0f0bc6d3727d.php 第 169 行.
NOTIC: [2] Invalid argument supplied for foreach() E:\program_files\wamp\www\shopbill\Application\Runtime\Cache\Home\862a52d698112494831f0f0bc6d3727d.php 第 169 行.
INFO: Run Behavior\ParseTemplateBehavior [ RunTime:0.052558s ]
INFO: [ view_parse ] --END-- [ RunTime:0.052691s ]
INFO: [ view_filter ] --START--
INFO: Run Behavior\WriteHtmlCacheBehavior [ RunTime:0.000736s ]
INFO: [ view_filter ] --END-- [ RunTime:0.000865s ]
INFO: [ app_end ] --START--
INFO: Run Behavior\ShowPageTraceBehavior [ RunTime:0.001227s ]
INFO: [ app_end ] --END-- [ RunTime:0.001403s ]

[ 2016-09-15T21:29:40+08:00 ] 127.0.0.1 /Home/Member/ajaxGetGoodNum.html
INFO: [ app_init ] --START--
INFO: Run Behavior\BuildLiteBehavior [ RunTime:0.000058s ]
INFO: [ app_init ] --END-- [ RunTime:0.000916s ]
INFO: [ app_begin ] --START--
NOTIC: [8] Undefined variable: cacheTime E:\program_files\wamp\www\shopbill\ThinkPHP\Library\Behavior\ReadHtmlCacheBehavior.class.php 第 32 行.
NOTIC: [8] Use of undefined constant HTML_FILE_NAME - assumed 'HTML_FILE_NAME' E:\program_files\wamp\www\shopbill\ThinkPHP\Library\Behavior\ReadHtmlCacheBehavior.class.php 第 32 行.
NOTIC: [8] Undefined variable: cacheTime E:\program_files\wamp\www\shopbill\ThinkPHP\Library\Behavior\ReadHtmlCacheBehavior.class.php 第 32 行.
INFO: Run Behavior\ReadHtmlCacheBehavior [ RunTime:0.001717s ]
INFO: [ app_begin ] --END-- [ RunTime:0.001918s ]
SQL: SHOW COLUMNS FROM `shopbill_goods` [ RunTime:0.0088s ]
SQL: SHOW COLUMNS FROM `shopbill_goods_number` [ RunTime:0.0720s ]
SQL: SELECT `goods_number` FROM `shopbill_goods_number` WHERE `goods_id` = 24 AND `goods_attr_id` = '' LIMIT 1   [ RunTime:0.0007s ]
INFO: [ app_end ] --START--
INFO: Run Behavior\ShowPageTraceBehavior [ RunTime:0.000872s ]
INFO: [ app_end ] --END-- [ RunTime:0.001065s ]

[ 2016-09-15T21:29:40+08:00 ] 127.0.0.1 /Home/Member/buildVerify.html
INFO: [ app_init ] --START--
INFO: Run Behavior\BuildLiteBehavior [ RunTime:0.000065s ]
INFO: [ app_init ] --END-- [ RunTime:0.000952s ]
INFO: [ app_begin ] --START--
NOTIC: [8] Undefined variable: cacheTime E:\program_files\wamp\www\shopbill\ThinkPHP\Library\Behavior\ReadHtmlCacheBehavior.class.php 第 32 行.
NOTIC: [8] Use of undefined constant HTML_FILE_NAME - assumed 'HTML_FILE_NAME' E:\program_files\wamp\www\shopbill\ThinkPHP\Library\Behavior\ReadHtmlCacheBehavior.class.php 第 32 行.
NOTIC: [8] Undefined variable: cacheTime E:\program_files\wamp\www\shopbill\ThinkPHP\Library\Behavior\ReadHtmlCacheBehavior.class.php 第 32 行.
INFO: Run Behavior\ReadHtmlCacheBehavior [ RunTime:0.057758s ]
INFO: [ app_begin ] --END-- [ RunTime:0.058009s ]
NOTIC: [8] A non well formed numeric value encountered E:\program_files\wamp\www\shopbill\ThinkPHP\Library\Think\Verify.class.php 第 120 行.
NOTIC: [8] A non well formed numeric value encountered E:\program_files\wamp\www\shopbill\ThinkPHP\Library\Think\Verify.class.php 第 120 行.
NOTIC: [8] A non well formed numeric value encountered E:\program_files\wamp\www\shopbill\ThinkPHP\Library\Think\Verify.class.php 第 208 行.
NOTIC: [8] A non well formed numeric value encountered E:\program_files\wamp\www\shopbill\ThinkPHP\Library\Think\Verify.class.php 第 228 行.
INFO: [ app_end ] --START--
INFO: Run Behavior\ShowPageTraceBehavior [ RunTime:0.000883s ]
INFO: [ app_end ] --END-- [ RunTime:0.001088s ]

[ 2016-09-15T21:29:40+08:00 ] 127.0.0.1 /Home/Index/displayHistory.html
INFO: [ app_init ] --START--
INFO: Run Behavior\BuildLiteBehavior [ RunTime:0.000051s ]
INFO: [ app_init ] --END-- [ RunTime:0.000835s ]
INFO: [ app_begin ] --START--
NOTIC: [8] Undefined variable: cacheTime E:\program_files\wamp\www\shopbill\ThinkPHP\Library\Behavior\ReadHtmlCacheBehavior.class.php 第 32 行.
NOTIC: [8] Use of undefined constant HTML_FILE_NAME - assumed 'HTML_FILE_NAME' E:\program_files\wamp\www\shopbill\ThinkPHP\Library\Behavior\ReadHtmlCacheBehavior.class.php 第 32 行.
NOTIC: [8] Undefined variable: cacheTime E:\program_files\wamp\www\shopbill\ThinkPHP\Library\Behavior\ReadHtmlCacheBehavior.class.php 第 32 行.
INFO: Run Behavior\ReadHtmlCacheBehavior [ RunTime:0.055300s ]
INFO: [ app_begin ] --END-- [ RunTime:0.055499s ]
SQL: SHOW COLUMNS FROM `shopbill_category` [ RunTime:0.0055s ]
SQL: SELECT * FROM `shopbill_category`  [ RunTime:0.0007s ]
SQL: select id,goods_name,mid_logo from shopbill_goods where is_on_sale = '是' and id in (24,30,28,20,26,23) 
    	order by field(id,24,30,28,20,26,23) [ RunTime:0.0008s ]
INFO: [ app_end ] --START--
INFO: Run Behavior\ShowPageTraceBehavior [ RunTime:0.000872s ]
INFO: [ app_end ] --END-- [ RunTime:0.000993s ]

[ 2016-09-15T21:29:40+08:00 ] 127.0.0.1 /Home/Index/ajaxGetRealPrice.html
INFO: [ app_init ] --START--
INFO: Run Behavior\BuildLiteBehavior [ RunTime:0.000052s ]
INFO: [ app_init ] --END-- [ RunTime:0.000866s ]
INFO: [ app_begin ] --START--
NOTIC: [8] Undefined variable: cacheTime E:\program_files\wamp\www\shopbill\ThinkPHP\Library\Behavior\ReadHtmlCacheBehavior.class.php 第 32 行.
NOTIC: [8] Use of undefined constant HTML_FILE_NAME - assumed 'HTML_FILE_NAME' E:\program_files\wamp\www\shopbill\ThinkPHP\Library\Behavior\ReadHtmlCacheBehavior.class.php 第 32 行.
NOTIC: [8] Undefined variable: cacheTime E:\program_files\wamp\www\shopbill\ThinkPHP\Library\Behavior\ReadHtmlCacheBehavior.class.php 第 32 行.
INFO: Run Behavior\ReadHtmlCacheBehavior [ RunTime:0.080295s ]
INFO: [ app_begin ] --END-- [ RunTime:0.080494s ]
SQL: SHOW COLUMNS FROM `shopbill_category` [ RunTime:0.0063s ]
SQL: SELECT * FROM `shopbill_category`  [ RunTime:0.0014s ]
SQL: SHOW COLUMNS FROM `shopbill_goods` [ RunTime:0.0073s ]
SQL: select price from shopbill_member_price where goods_id='24' and level_id='' [ RunTime:0.0009s ]
NOTIC: [8] Undefined offset: 0 E:\program_files\wamp\www\shopbill\Application\Admin\Model\GoodsModel.class.php 第 428 行.
SQL: select promote_price from shopbill_goods where id='24' and '2016-09-15 21:29:40' between promote_start_date and promote_end_date [ RunTime:0.0009s ]
SQL: select shop_price from shopbill_goods where id='24' [ RunTime:0.0007s ]
INFO: [ app_end ] --START--
INFO: Run Behavior\ShowPageTraceBehavior [ RunTime:0.001095s ]
INFO: [ app_end ] --END-- [ RunTime:0.001395s ]

[ 2016-09-15T21:29:41+08:00 ] 127.0.0.1 /Home/Comment/ajaxGetComment/id/24/p/1
INFO: [ app_init ] --START--
INFO: Run Behavior\BuildLiteBehavior [ RunTime:0.000058s ]
INFO: [ app_init ] --END-- [ RunTime:0.001597s ]
INFO: [ app_begin ] --START--
NOTIC: [8] Undefined variable: cacheTime E:\program_files\wamp\www\shopbill\ThinkPHP\Library\Behavior\ReadHtmlCacheBehavior.class.php 第 32 行.
NOTIC: [8] Use of undefined constant HTML_FILE_NAME - assumed 'HTML_FILE_NAME' E:\program_files\wamp\www\shopbill\ThinkPHP\Library\Behavior\ReadHtmlCacheBehavior.class.php 第 32 行.
NOTIC: [8] Undefined variable: cacheTime E:\program_files\wamp\www\shopbill\ThinkPHP\Library\Behavior\ReadHtmlCacheBehavior.class.php 第 32 行.
INFO: Run Behavior\ReadHtmlCacheBehavior [ RunTime:0.001601s ]
INFO: [ app_begin ] --END-- [ RunTime:0.001807s ]
SQL: SHOW COLUMNS FROM `shopbill_comment` [ RunTime:0.0072s ]
SQL: select count(1) num from shopbill_comment where goods_id='24' [ RunTime:0.0007s ]
SQL: select * from shopbill_yinxiang where goods_id='24' [ RunTime:0.2636s ]
SQL: select star from shopbill_comment where goods_id='24' [ RunTime:0.0004s ]
NOTIC: [2] Division by zero E:\program_files\wamp\www\shopbill\Application\Admin\Model\CommentModel.class.php 第 89 行.
NOTIC: [2] Division by zero E:\program_files\wamp\www\shopbill\Application\Admin\Model\CommentModel.class.php 第 90 行.
NOTIC: [2] Division by zero E:\program_files\wamp\www\shopbill\Application\Admin\Model\CommentModel.class.php 第 91 行.
SQL: select a.*,b.face,b.username,count(c.id) reply_count from shopbill_comment a 
		left join shopbill_member b on a.member_id=b.id 
		left join shopbill_comment_reply c on a.id=c.comment_id 
		where a.goods_id='24' group by a.id order by a.addtime desc limit 0,5 [ RunTime:0.0630s ]
INFO: [ app_end ] --START--
INFO: Run Behavior\ShowPageTraceBehavior [ RunTime:0.000815s ]
INFO: [ app_end ] --END-- [ RunTime:0.001004s ]

[ 2016-09-15T21:29:41+08:00 ] 127.0.0.1 /Home/Member/ajaxChklogin.html
INFO: [ app_init ] --START--
INFO: Run Behavior\BuildLiteBehavior [ RunTime:0.000052s ]
INFO: [ app_init ] --END-- [ RunTime:0.000908s ]
INFO: [ app_begin ] --START--
NOTIC: [8] Undefined variable: cacheTime E:\program_files\wamp\www\shopbill\ThinkPHP\Library\Behavior\ReadHtmlCacheBehavior.class.php 第 32 行.
NOTIC: [8] Use of undefined constant HTML_FILE_NAME - assumed 'HTML_FILE_NAME' E:\program_files\wamp\www\shopbill\ThinkPHP\Library\Behavior\ReadHtmlCacheBehavior.class.php 第 32 行.
NOTIC: [8] Undefined variable: cacheTime E:\program_files\wamp\www\shopbill\ThinkPHP\Library\Behavior\ReadHtmlCacheBehavior.class.php 第 32 行.
INFO: Run Behavior\ReadHtmlCacheBehavior [ RunTime:0.320809s ]
INFO: [ app_begin ] --END-- [ RunTime:0.320982s ]
INFO: [ app_end ] --START--
INFO: Run Behavior\ShowPageTraceBehavior [ RunTime:0.000859s ]
INFO: [ app_end ] --END-- [ RunTime:0.001079s ]

[ 2016-09-15T21:29:47+08:00 ] 127.0.0.1 /Home/Comment/add.html
INFO: [ app_init ] --START--
INFO: Run Behavior\BuildLiteBehavior [ RunTime:0.000027s ]
INFO: [ app_init ] --END-- [ RunTime:0.000612s ]
INFO: [ app_begin ] --START--
NOTIC: [8] Undefined variable: cacheTime E:\program_files\wamp\www\shopbill\ThinkPHP\Library\Behavior\ReadHtmlCacheBehavior.class.php 第 32 行.
NOTIC: [8] Use of undefined constant HTML_FILE_NAME - assumed 'HTML_FILE_NAME' E:\program_files\wamp\www\shopbill\ThinkPHP\Library\Behavior\ReadHtmlCacheBehavior.class.php 第 32 行.
NOTIC: [8] Undefined variable: cacheTime E:\program_files\wamp\www\shopbill\ThinkPHP\Library\Behavior\ReadHtmlCacheBehavior.class.php 第 32 行.
INFO: Run Behavior\ReadHtmlCacheBehavior [ RunTime:0.000975s ]
INFO: [ app_begin ] --END-- [ RunTime:0.001081s ]
SQL: SHOW COLUMNS FROM `shopbill_comment` [ RunTime:0.0044s ]
NOTIC: [8] Undefined index: validate E:\program_files\wamp\www\shopbill\ThinkPHP\Library\Think\Model.class.php 第 1185 行.
NOTIC: [8] Undefined index: auto E:\program_files\wamp\www\shopbill\ThinkPHP\Library\Think\Model.class.php 第 1128 行.

[ 2016-09-15T21:29:57+08:00 ] 127.0.0.1 /Home/Index/goods/id/23.html
INFO: [ app_init ] --START--
INFO: Run Behavior\BuildLiteBehavior [ RunTime:0.000058s ]
INFO: [ app_init ] --END-- [ RunTime:0.001375s ]
INFO: [ app_begin ] --START--
NOTIC: [8] Undefined variable: cacheTime E:\program_files\wamp\www\shopbill\ThinkPHP\Library\Behavior\ReadHtmlCacheBehavior.class.php 第 32 行.
NOTIC: [8] Use of undefined constant HTML_FILE_NAME - assumed 'HTML_FILE_NAME' E:\program_files\wamp\www\shopbill\ThinkPHP\Library\Behavior\ReadHtmlCacheBehavior.class.php 第 32 行.
NOTIC: [8] Undefined variable: cacheTime E:\program_files\wamp\www\shopbill\ThinkPHP\Library\Behavior\ReadHtmlCacheBehavior.class.php 第 32 行.
INFO: Run Behavior\ReadHtmlCacheBehavior [ RunTime:0.001026s ]
INFO: [ app_begin ] --END-- [ RunTime:0.001176s ]
SQL: SHOW COLUMNS FROM `shopbill_category` [ RunTime:0.0059s ]
SQL: SELECT * FROM `shopbill_category`  [ RunTime:0.0005s ]
SQL: SHOW COLUMNS FROM `shopbill_goods` [ RunTime:0.0046s ]
SQL: SELECT * FROM `shopbill_goods` WHERE `id` = 23 LIMIT 1   [ RunTime:0.0009s ]
SQL: SELECT * FROM `shopbill_category` WHERE `id` = 39 LIMIT 1   [ RunTime:0.0008s ]
SQL: SELECT * FROM `shopbill_category` WHERE `id` = 3 LIMIT 1   [ RunTime:0.0005s ]
SQL: select t1.price,t2.level_name from shopbill_member_price t1
		left join shopbill_member_level t2 on t2.id = t1.level_id 
		where t1.goods_id = 23 [ RunTime:0.0006s ]
SQL: select * from shopbill_goods_pic where goods_id = 23 [ RunTime:0.0005s ]
SQL: select t1.*,t2.attr_type,t2.attr_name from shopbill_goods_attr t1 
        left join shopbill_attribute t2 on t2.id = t1.attr_id 
        where t1.goods_id=23 [ RunTime:0.0005s ]
SQL: select count(1) num from shopbill_comment where goods_id='23' [ RunTime:0.0004s ]
SQL: select sum(star) total from shopbill_comment where goods_id='23' [ RunTime:0.0004s ]
NOTIC: [8] Undefined variable: realPrice E:\program_files\wamp\www\shopbill\Application\Home\Controller\IndexController.class.php 第 93 行.
INFO: [ view_parse ] --START--
INFO: [ template_filter ] --START--
INFO: Run Behavior\ContentReplaceBehavior [ RunTime:0.000371s ]
INFO: [ template_filter ] --END-- [ RunTime:0.000524s ]
NOTIC: [8] Undefined index: children E:\program_files\wamp\www\shopbill\Application\Runtime\Cache\Home\862a52d698112494831f0f0bc6d3727d.php 第 174 行.
NOTIC: [2] Invalid argument supplied for foreach() E:\program_files\wamp\www\shopbill\Application\Runtime\Cache\Home\862a52d698112494831f0f0bc6d3727d.php 第 174 行.
NOTIC: [8] Undefined index: children E:\program_files\wamp\www\shopbill\Application\Runtime\Cache\Home\862a52d698112494831f0f0bc6d3727d.php 第 174 行.
NOTIC: [2] Invalid argument supplied for foreach() E:\program_files\wamp\www\shopbill\Application\Runtime\Cache\Home\862a52d698112494831f0f0bc6d3727d.php 第 174 行.
NOTIC: [8] Undefined index: children E:\program_files\wamp\www\shopbill\Application\Runtime\Cache\Home\862a52d698112494831f0f0bc6d3727d.php 第 174 行.
NOTIC: [2] Invalid argument supplied for foreach() E:\program_files\wamp\www\shopbill\Application\Runtime\Cache\Home\862a52d698112494831f0f0bc6d3727d.php 第 174 行.
NOTIC: [8] Undefined index: children E:\program_files\wamp\www\shopbill\Application\Runtime\Cache\Home\862a52d698112494831f0f0bc6d3727d.php 第 174 行.
NOTIC: [2] Invalid argument supplied for foreach() E:\program_files\wamp\www\shopbill\Application\Runtime\Cache\Home\862a52d698112494831f0f0bc6d3727d.php 第 174 行.
NOTIC: [8] Undefined index: children E:\program_files\wamp\www\shopbill\Application\Runtime\Cache\Home\862a52d698112494831f0f0bc6d3727d.php 第 174 行.
NOTIC: [2] Invalid argument supplied for foreach() E:\program_files\wamp\www\shopbill\Application\Runtime\Cache\Home\862a52d698112494831f0f0bc6d3727d.php 第 174 行.
NOTIC: [8] Undefined index: children E:\program_files\wamp\www\shopbill\Application\Runtime\Cache\Home\862a52d698112494831f0f0bc6d3727d.php 第 174 行.
NOTIC: [2] Invalid argument supplied for foreach() E:\program_files\wamp\www\shopbill\Application\Runtime\Cache\Home\862a52d698112494831f0f0bc6d3727d.php 第 174 行.
NOTIC: [8] Undefined index: children E:\program_files\wamp\www\shopbill\Application\Runtime\Cache\Home\862a52d698112494831f0f0bc6d3727d.php 第 169 行.
NOTIC: [2] Invalid argument supplied for foreach() E:\program_files\wamp\www\shopbill\Application\Runtime\Cache\Home\862a52d698112494831f0f0bc6d3727d.php 第 169 行.
NOTIC: [8] Undefined index: children E:\program_files\wamp\www\shopbill\Application\Runtime\Cache\Home\862a52d698112494831f0f0bc6d3727d.php 第 174 行.
NOTIC: [2] Invalid argument supplied for foreach() E:\program_files\wamp\www\shopbill\Application\Runtime\Cache\Home\862a52d698112494831f0f0bc6d3727d.php 第 174 行.
NOTIC: [8] Undefined index: children E:\program_files\wamp\www\shopbill\Application\Runtime\Cache\Home\862a52d698112494831f0f0bc6d3727d.php 第 174 行.
NOTIC: [2] Invalid argument supplied for foreach() E:\program_files\wamp\www\shopbill\Application\Runtime\Cache\Home\862a52d698112494831f0f0bc6d3727d.php 第 174 行.
NOTIC: [8] Undefined index: children E:\program_files\wamp\www\shopbill\Application\Runtime\Cache\Home\862a52d698112494831f0f0bc6d3727d.php 第 174 行.
NOTIC: [2] Invalid argument supplied for foreach() E:\program_files\wamp\www\shopbill\Application\Runtime\Cache\Home\862a52d698112494831f0f0bc6d3727d.php 第 174 行.
NOTIC: [8] Undefined index: children E:\program_files\wamp\www\shopbill\Application\Runtime\Cache\Home\862a52d698112494831f0f0bc6d3727d.php 第 169 行.
NOTIC: [2] Invalid argument supplied for foreach() E:\program_files\wamp\www\shopbill\Application\Runtime\Cache\Home\862a52d698112494831f0f0bc6d3727d.php 第 169 行.
NOTIC: [8] Undefined index: children E:\program_files\wamp\www\shopbill\Application\Runtime\Cache\Home\862a52d698112494831f0f0bc6d3727d.php 第 169 行.
NOTIC: [2] Invalid argument supplied for foreach() E:\program_files\wamp\www\shopbill\Application\Runtime\Cache\Home\862a52d698112494831f0f0bc6d3727d.php 第 169 行.
NOTIC: [8] Undefined index: children E:\program_files\wamp\www\shopbill\Application\Runtime\Cache\Home\862a52d698112494831f0f0bc6d3727d.php 第 169 行.
NOTIC: [2] Invalid argument supplied for foreach() E:\program_files\wamp\www\shopbill\Application\Runtime\Cache\Home\862a52d698112494831f0f0bc6d3727d.php 第 169 行.
NOTIC: [8] Undefined index: children E:\program_files\wamp\www\shopbill\Application\Runtime\Cache\Home\862a52d698112494831f0f0bc6d3727d.php 第 169 行.
NOTIC: [2] Invalid argument supplied for foreach() E:\program_files\wamp\www\shopbill\Application\Runtime\Cache\Home\862a52d698112494831f0f0bc6d3727d.php 第 169 行.
NOTIC: [8] Undefined index: children E:\program_files\wamp\www\shopbill\Application\Runtime\Cache\Home\862a52d698112494831f0f0bc6d3727d.php 第 169 行.
NOTIC: [2] Invalid argument supplied for foreach() E:\program_files\wamp\www\shopbill\Application\Runtime\Cache\Home\862a52d698112494831f0f0bc6d3727d.php 第 169 行.
NOTIC: [8] Undefined index: children E:\program_files\wamp\www\shopbill\Application\Runtime\Cache\Home\862a52d698112494831f0f0bc6d3727d.php 第 169 行.
NOTIC: [2] Invalid argument supplied for foreach() E:\program_files\wamp\www\shopbill\Application\Runtime\Cache\Home\862a52d698112494831f0f0bc6d3727d.php 第 169 行.
NOTIC: [8] Undefined index: children E:\program_files\wamp\www\shopbill\Application\Runtime\Cache\Home\862a52d698112494831f0f0bc6d3727d.php 第 169 行.
NOTIC: [2] Invalid argument supplied for foreach() E:\program_files\wamp\www\shopbill\Application\Runtime\Cache\Home\862a52d698112494831f0f0bc6d3727d.php 第 169 行.
NOTIC: [8] Undefined index: children E:\program_files\wamp\www\shopbill\Application\Runtime\Cache\Home\862a52d698112494831f0f0bc6d3727d.php 第 169 行.
NOTIC: [2] Invalid argument supplied for foreach() E:\program_files\wamp\www\shopbill\Application\Runtime\Cache\Home\862a52d698112494831f0f0bc6d3727d.php 第 169 行.
INFO: Run Behavior\ParseTemplateBehavior [ RunTime:0.036114s ]
INFO: [ view_parse ] --END-- [ RunTime:0.036257s ]
INFO: [ view_filter ] --START--
INFO: Run Behavior\WriteHtmlCacheBehavior [ RunTime:0.000545s ]
INFO: [ view_filter ] --END-- [ RunTime:0.000666s ]
INFO: [ app_end ] --START--
INFO: Run Behavior\ShowPageTraceBehavior [ RunTime:0.001200s ]
INFO: [ app_end ] --END-- [ RunTime:0.001499s ]

[ 2016-09-15T21:29:57+08:00 ] 127.0.0.1 /Home/Member/ajaxGetGoodNum.html
INFO: [ app_init ] --START--
INFO: Run Behavior\BuildLiteBehavior [ RunTime:0.000053s ]
INFO: [ app_init ] --END-- [ RunTime:0.000924s ]
INFO: [ app_begin ] --START--
NOTIC: [8] Undefined variable: cacheTime E:\program_files\wamp\www\shopbill\ThinkPHP\Library\Behavior\ReadHtmlCacheBehavior.class.php 第 32 行.
NOTIC: [8] Use of undefined constant HTML_FILE_NAME - assumed 'HTML_FILE_NAME' E:\program_files\wamp\www\shopbill\ThinkPHP\Library\Behavior\ReadHtmlCacheBehavior.class.php 第 32 行.
NOTIC: [8] Undefined variable: cacheTime E:\program_files\wamp\www\shopbill\ThinkPHP\Library\Behavior\ReadHtmlCacheBehavior.class.php 第 32 行.
INFO: Run Behavior\ReadHtmlCacheBehavior [ RunTime:0.001438s ]
INFO: [ app_begin ] --END-- [ RunTime:0.001642s ]
SQL: SHOW COLUMNS FROM `shopbill_goods` [ RunTime:0.0048s ]
SQL: SHOW COLUMNS FROM `shopbill_goods_number` [ RunTime:0.0052s ]
SQL: SELECT `goods_number` FROM `shopbill_goods_number` WHERE `goods_id` = 23 AND `goods_attr_id` = '126' LIMIT 1   [ RunTime:0.0007s ]
INFO: [ app_end ] --START--
INFO: Run Behavior\ShowPageTraceBehavior [ RunTime:0.000876s ]
INFO: [ app_end ] --END-- [ RunTime:0.001041s ]

[ 2016-09-15T21:29:57+08:00 ] 127.0.0.1 /Home/Index/ajaxGetRealPrice.html
INFO: [ app_init ] --START--
INFO: Run Behavior\BuildLiteBehavior [ RunTime:0.000048s ]
INFO: [ app_init ] --END-- [ RunTime:0.000864s ]
INFO: [ app_begin ] --START--
NOTIC: [8] Undefined variable: cacheTime E:\program_files\wamp\www\shopbill\ThinkPHP\Library\Behavior\ReadHtmlCacheBehavior.class.php 第 32 行.
NOTIC: [8] Use of undefined constant HTML_FILE_NAME - assumed 'HTML_FILE_NAME' E:\program_files\wamp\www\shopbill\ThinkPHP\Library\Behavior\ReadHtmlCacheBehavior.class.php 第 32 行.
NOTIC: [8] Undefined variable: cacheTime E:\program_files\wamp\www\shopbill\ThinkPHP\Library\Behavior\ReadHtmlCacheBehavior.class.php 第 32 行.
INFO: Run Behavior\ReadHtmlCacheBehavior [ RunTime:0.032355s ]
INFO: [ app_begin ] --END-- [ RunTime:0.032605s ]
SQL: SHOW COLUMNS FROM `shopbill_category` [ RunTime:0.0047s ]
SQL: SELECT * FROM `shopbill_category`  [ RunTime:0.0007s ]
SQL: SHOW COLUMNS FROM `shopbill_goods` [ RunTime:0.0047s ]
SQL: select price from shopbill_member_price where goods_id='23' and level_id='' [ RunTime:0.0006s ]
NOTIC: [8] Undefined offset: 0 E:\program_files\wamp\www\shopbill\Application\Admin\Model\GoodsModel.class.php 第 428 行.
SQL: select promote_price from shopbill_goods where id='23' and '2016-09-15 21:29:57' between promote_start_date and promote_end_date [ RunTime:0.0005s ]
SQL: select shop_price from shopbill_goods where id='23' [ RunTime:0.0004s ]
INFO: [ app_end ] --START--
INFO: Run Behavior\ShowPageTraceBehavior [ RunTime:0.000706s ]
INFO: [ app_end ] --END-- [ RunTime:0.000843s ]

[ 2016-09-15T21:29:57+08:00 ] 127.0.0.1 /Home/Index/displayHistory.html
INFO: [ app_init ] --START--
INFO: Run Behavior\BuildLiteBehavior [ RunTime:0.000050s ]
INFO: [ app_init ] --END-- [ RunTime:0.000918s ]
INFO: [ app_begin ] --START--
NOTIC: [8] Undefined variable: cacheTime E:\program_files\wamp\www\shopbill\ThinkPHP\Library\Behavior\ReadHtmlCacheBehavior.class.php 第 32 行.
NOTIC: [8] Use of undefined constant HTML_FILE_NAME - assumed 'HTML_FILE_NAME' E:\program_files\wamp\www\shopbill\ThinkPHP\Library\Behavior\ReadHtmlCacheBehavior.class.php 第 32 行.
NOTIC: [8] Undefined variable: cacheTime E:\program_files\wamp\www\shopbill\ThinkPHP\Library\Behavior\ReadHtmlCacheBehavior.class.php 第 32 行.
INFO: Run Behavior\ReadHtmlCacheBehavior [ RunTime:0.063936s ]
INFO: [ app_begin ] --END-- [ RunTime:0.064164s ]
SQL: SHOW COLUMNS FROM `shopbill_category` [ RunTime:0.0056s ]
SQL: SELECT * FROM `shopbill_category`  [ RunTime:0.0006s ]
SQL: select id,goods_name,mid_logo from shopbill_goods where is_on_sale = '是' and id in (23,24,30,28,20,26) 
    	order by field(id,23,24,30,28,20,26) [ RunTime:0.0009s ]
INFO: [ app_end ] --START--
INFO: Run Behavior\ShowPageTraceBehavior [ RunTime:0.000857s ]
INFO: [ app_end ] --END-- [ RunTime:0.001017s ]

[ 2016-09-15T21:29:57+08:00 ] 127.0.0.1 /Home/Member/buildVerify.html
INFO: [ app_init ] --START--
INFO: Run Behavior\BuildLiteBehavior [ RunTime:0.000050s ]
INFO: [ app_init ] --END-- [ RunTime:0.000964s ]
INFO: [ app_begin ] --START--
NOTIC: [8] Undefined variable: cacheTime E:\program_files\wamp\www\shopbill\ThinkPHP\Library\Behavior\ReadHtmlCacheBehavior.class.php 第 32 行.
NOTIC: [8] Use of undefined constant HTML_FILE_NAME - assumed 'HTML_FILE_NAME' E:\program_files\wamp\www\shopbill\ThinkPHP\Library\Behavior\ReadHtmlCacheBehavior.class.php 第 32 行.
NOTIC: [8] Undefined variable: cacheTime E:\program_files\wamp\www\shopbill\ThinkPHP\Library\Behavior\ReadHtmlCacheBehavior.class.php 第 32 行.
INFO: Run Behavior\ReadHtmlCacheBehavior [ RunTime:0.085146s ]
INFO: [ app_begin ] --END-- [ RunTime:0.085388s ]
NOTIC: [8] A non well formed numeric value encountered E:\program_files\wamp\www\shopbill\ThinkPHP\Library\Think\Verify.class.php 第 120 行.
NOTIC: [8] A non well formed numeric value encountered E:\program_files\wamp\www\shopbill\ThinkPHP\Library\Think\Verify.class.php 第 120 行.
NOTIC: [8] A non well formed numeric value encountered E:\program_files\wamp\www\shopbill\ThinkPHP\Library\Think\Verify.class.php 第 208 行.
NOTIC: [8] A non well formed numeric value encountered E:\program_files\wamp\www\shopbill\ThinkPHP\Library\Think\Verify.class.php 第 228 行.
INFO: [ app_end ] --START--
INFO: Run Behavior\ShowPageTraceBehavior [ RunTime:0.002520s ]
INFO: [ app_end ] --END-- [ RunTime:0.003044s ]

[ 2016-09-15T21:29:58+08:00 ] 127.0.0.1 /Home/Comment/ajaxGetComment/id/23/p/1
INFO: [ app_init ] --START--
INFO: Run Behavior\BuildLiteBehavior [ RunTime:0.000031s ]
INFO: [ app_init ] --END-- [ RunTime:0.000766s ]
INFO: [ app_begin ] --START--
NOTIC: [8] Undefined variable: cacheTime E:\program_files\wamp\www\shopbill\ThinkPHP\Library\Behavior\ReadHtmlCacheBehavior.class.php 第 32 行.
NOTIC: [8] Use of undefined constant HTML_FILE_NAME - assumed 'HTML_FILE_NAME' E:\program_files\wamp\www\shopbill\ThinkPHP\Library\Behavior\ReadHtmlCacheBehavior.class.php 第 32 行.
NOTIC: [8] Undefined variable: cacheTime E:\program_files\wamp\www\shopbill\ThinkPHP\Library\Behavior\ReadHtmlCacheBehavior.class.php 第 32 行.
INFO: Run Behavior\ReadHtmlCacheBehavior [ RunTime:0.028042s ]
INFO: [ app_begin ] --END-- [ RunTime:0.028248s ]
SQL: SHOW COLUMNS FROM `shopbill_comment` [ RunTime:0.0328s ]
SQL: select count(1) num from shopbill_comment where goods_id='23' [ RunTime:0.0007s ]
SQL: select * from shopbill_yinxiang where goods_id='23' [ RunTime:0.0008s ]
SQL: select star from shopbill_comment where goods_id='23' [ RunTime:0.0006s ]
SQL: select a.*,b.face,b.username,count(c.id) reply_count from shopbill_comment a 
		left join shopbill_member b on a.member_id=b.id 
		left join shopbill_comment_reply c on a.id=c.comment_id 
		where a.goods_id='23' group by a.id order by a.addtime desc limit 0,5 [ RunTime:0.0631s ]
SQL: select a.content,a.addtime,b.username,b.face from shopbill_comment_reply a 
			left join shopbill_member b on a.member_id=b.id 
			where a.comment_id='141' [ RunTime:0.0007s ]
SQL: select a.content,a.addtime,b.username,b.face from shopbill_comment_reply a 
			left join shopbill_member b on a.member_id=b.id 
			where a.comment_id='140' [ RunTime:0.0007s ]
INFO: [ app_end ] --START--
INFO: Run Behavior\ShowPageTraceBehavior [ RunTime:0.000872s ]
INFO: [ app_end ] --END-- [ RunTime:0.001078s ]

[ 2016-09-15T21:29:58+08:00 ] 127.0.0.1 /Home/Member/ajaxChklogin.html
INFO: [ app_init ] --START--
INFO: Run Behavior\BuildLiteBehavior [ RunTime:0.000094s ]
INFO: [ app_init ] --END-- [ RunTime:0.001205s ]
INFO: [ app_begin ] --START--
NOTIC: [8] Undefined variable: cacheTime E:\program_files\wamp\www\shopbill\ThinkPHP\Library\Behavior\ReadHtmlCacheBehavior.class.php 第 32 行.
NOTIC: [8] Use of undefined constant HTML_FILE_NAME - assumed 'HTML_FILE_NAME' E:\program_files\wamp\www\shopbill\ThinkPHP\Library\Behavior\ReadHtmlCacheBehavior.class.php 第 32 行.
NOTIC: [8] Undefined variable: cacheTime E:\program_files\wamp\www\shopbill\ThinkPHP\Library\Behavior\ReadHtmlCacheBehavior.class.php 第 32 行.
INFO: Run Behavior\ReadHtmlCacheBehavior [ RunTime:0.050302s ]
INFO: [ app_begin ] --END-- [ RunTime:0.050520s ]
INFO: [ app_end ] --START--
INFO: Run Behavior\ShowPageTraceBehavior [ RunTime:0.001071s ]
INFO: [ app_end ] --END-- [ RunTime:0.001296s ]

[ 2016-09-15T21:30:07+08:00 ] 127.0.0.1 /Home/Comment/ajaxAddUseful?comment_id=140
INFO: [ app_init ] --START--
INFO: Run Behavior\BuildLiteBehavior [ RunTime:0.000028s ]
INFO: [ app_init ] --END-- [ RunTime:0.000701s ]
INFO: [ app_begin ] --START--
NOTIC: [8] Undefined variable: cacheTime E:\program_files\wamp\www\shopbill\ThinkPHP\Library\Behavior\ReadHtmlCacheBehavior.class.php 第 32 行.
NOTIC: [8] Use of undefined constant HTML_FILE_NAME - assumed 'HTML_FILE_NAME' E:\program_files\wamp\www\shopbill\ThinkPHP\Library\Behavior\ReadHtmlCacheBehavior.class.php 第 32 行.
NOTIC: [8] Undefined variable: cacheTime E:\program_files\wamp\www\shopbill\ThinkPHP\Library\Behavior\ReadHtmlCacheBehavior.class.php 第 32 行.
INFO: Run Behavior\ReadHtmlCacheBehavior [ RunTime:0.000976s ]
INFO: [ app_begin ] --END-- [ RunTime:0.001081s ]
SQL: SHOW COLUMNS FROM `shopbill_comment` [ RunTime:0.0082s ]
SQL: UPDATE `shopbill_comment` SET `click_count`=click_count+1 WHERE `id` = 140 [ RunTime:0.1701s ]
INFO: [ app_end ] --START--
INFO: Run Behavior\ShowPageTraceBehavior [ RunTime:0.000820s ]
INFO: [ app_end ] --END-- [ RunTime:0.000948s ]

[ 2016-09-15T21:30:07+08:00 ] 127.0.0.1 /Home/Comment/ajaxAddUseful?comment_id=140
INFO: [ app_init ] --START--
INFO: Run Behavior\BuildLiteBehavior [ RunTime:0.000041s ]
INFO: [ app_init ] --END-- [ RunTime:0.000657s ]
INFO: [ app_begin ] --START--
NOTIC: [8] Undefined variable: cacheTime E:\program_files\wamp\www\shopbill\ThinkPHP\Library\Behavior\ReadHtmlCacheBehavior.class.php 第 32 行.
NOTIC: [8] Use of undefined constant HTML_FILE_NAME - assumed 'HTML_FILE_NAME' E:\program_files\wamp\www\shopbill\ThinkPHP\Library\Behavior\ReadHtmlCacheBehavior.class.php 第 32 行.
NOTIC: [8] Undefined variable: cacheTime E:\program_files\wamp\www\shopbill\ThinkPHP\Library\Behavior\ReadHtmlCacheBehavior.class.php 第 32 行.
INFO: Run Behavior\ReadHtmlCacheBehavior [ RunTime:0.000900s ]
INFO: [ app_begin ] --END-- [ RunTime:0.001042s ]
SQL: SHOW COLUMNS FROM `shopbill_comment` [ RunTime:0.0566s ]
SQL: UPDATE `shopbill_comment` SET `click_count`=click_count+1 WHERE `id` = 140 [ RunTime:0.1204s ]
INFO: [ app_end ] --START--
INFO: Run Behavior\ShowPageTraceBehavior [ RunTime:0.000914s ]
INFO: [ app_end ] --END-- [ RunTime:0.001074s ]

[ 2016-09-15T21:30:10+08:00 ] 127.0.0.1 /Home/Comment/ajaxAddUseful?comment_id=140
INFO: [ app_init ] --START--
INFO: Run Behavior\BuildLiteBehavior [ RunTime:0.000035s ]
INFO: [ app_init ] --END-- [ RunTime:0.000664s ]
INFO: [ app_begin ] --START--
NOTIC: [8] Undefined variable: cacheTime E:\program_files\wamp\www\shopbill\ThinkPHP\Library\Behavior\ReadHtmlCacheBehavior.class.php 第 32 行.
NOTIC: [8] Use of undefined constant HTML_FILE_NAME - assumed 'HTML_FILE_NAME' E:\program_files\wamp\www\shopbill\ThinkPHP\Library\Behavior\ReadHtmlCacheBehavior.class.php 第 32 行.
NOTIC: [8] Undefined variable: cacheTime E:\program_files\wamp\www\shopbill\ThinkPHP\Library\Behavior\ReadHtmlCacheBehavior.class.php 第 32 行.
INFO: Run Behavior\ReadHtmlCacheBehavior [ RunTime:0.000918s ]
INFO: [ app_begin ] --END-- [ RunTime:0.001035s ]
SQL: SHOW COLUMNS FROM `shopbill_comment` [ RunTime:0.0079s ]
SQL: UPDATE `shopbill_comment` SET `click_count`=click_count+1 WHERE `id` = 140 [ RunTime:0.1188s ]
INFO: [ app_end ] --START--
INFO: Run Behavior\ShowPageTraceBehavior [ RunTime:0.000821s ]
INFO: [ app_end ] --END-- [ RunTime:0.000955s ]

