[ 2016-09-15T21:29:07+08:00 ] 127.0.0.1 /Public/Uploads/Goods/2016-09-15/thumb_3_57da08756c283.jpg
INFO: [ app_init ] --START--
INFO: Run Behavior\BuildLiteBehavior [ RunTime:0.000060s ]
INFO: [ app_init ] --END-- [ RunTime:0.000872s ]
ERR: 无法加载模块:Public

[ 2016-09-15T21:29:07+08:00 ] 127.0.0.1 /Public/Uploads/Goods/2016-09-15/thumb_3_57da5643e25e9.jpg
INFO: [ app_init ] --START--
INFO: Run Behavior\BuildLiteBehavior [ RunTime:0.000061s ]
INFO: [ app_init ] --END-- [ RunTime:0.001075s ]
ERR: 无法加载模块:Public

[ 2016-09-15T21:29:07+08:00 ] 127.0.0.1 /Public/Uploads/Goods/2016-09-13/thumb_3_57d7b143042ae.png
INFO: [ app_init ] --START--
INFO: Run Behavior\BuildLiteBehavior [ RunTime:0.000052s ]
INFO: [ app_init ] --END-- [ RunTime:0.000887s ]
ERR: 无法加载模块:Public

[ 2016-09-15T21:29:07+08:00 ] 127.0.0.1 /Public/Uploads/Goods/2016-09-15/thumb_3_57da03e69bd39.jpg
INFO: [ app_init ] --START--
INFO: Run Behavior\BuildLiteBehavior [ RunTime:0.000050s ]
INFO: [ app_init ] --END-- [ RunTime:0.000961s ]
ERR: 无法加载模块:Public

[ 2016-09-15T21:29:07+08:00 ] 127.0.0.1 /Public/Uploads/Goods/2016-09-13/thumb_3_57d75f31b5577.jpg
INFO: [ app_init ] --START--
INFO: Run Behavior\BuildLiteBehavior [ RunTime:0.000052s ]
INFO: [ app_init ] --END-- [ RunTime:0.000893s ]
ERR: 无法加载模块:Public

[ 2016-09-15T21:29:07+08:00 ] 127.0.0.1 /Public/Uploads/Goods/2016-09-08/thumb_3_57d11609b091c.jpg
INFO: [ app_init ] --START--
INFO: Run Behavior\BuildLiteBehavior [ RunTime:0.000053s ]
INFO: [ app_init ] --END-- [ RunTime:0.000931s ]
ERR: 无法加载模块:Public

[ 2016-09-15T21:29:07+08:00 ] 127.0.0.1 /Public/Uploads/Goods/2016-08-27/thumb_3_57c14d9821a0d.jpg
INFO: [ app_init ] --START--
INFO: Run Behavior\BuildLiteBehavior [ RunTime:0.000054s ]
INFO: [ app_init ] --END-- [ RunTime:0.000964s ]
ERR: 无法加载模块:Public

[ 2016-09-15T21:29:07+08:00 ] 127.0.0.1 /Public/Uploads/Goods/2016-08-12/thumb_3_57ad2cd217918.jpg
INFO: [ app_init ] --START--
INFO: Run Behavior\BuildLiteBehavior [ RunTime:0.000052s ]
INFO: [ app_init ] --END-- [ RunTime:0.000945s ]
ERR: 无法加载模块:Public

[ 2016-09-15T21:29:07+08:00 ] 127.0.0.1 /Public/Uploads/Goods/2016-08-09/thumb_3_57a94165b3b2a.jpg
INFO: [ app_init ] --START--
INFO: Run Behavior\BuildLiteBehavior [ RunTime:0.000056s ]
INFO: [ app_init ] --END-- [ RunTime:0.000916s ]
ERR: 无法加载模块:Public

[ 2016-09-15T21:29:07+08:00 ] 127.0.0.1 /Public/Uploads/Goods/2016-08-15/thumb_3_57b1361937ef4.jpg
INFO: [ app_init ] --START--
INFO: Run Behavior\BuildLiteBehavior [ RunTime:0.000053s ]
INFO: [ app_init ] --END-- [ RunTime:0.000862s ]
ERR: 无法加载模块:Public

[ 2016-09-15T21:29:07+08:00 ] 127.0.0.1 /Public/Uploads/Goods/2016-08-05/thumb_3_57a439bc64f1d.jpg
INFO: [ app_init ] --START--
INFO: Run Behavior\BuildLiteBehavior [ RunTime:0.000056s ]
INFO: [ app_init ] --END-- [ RunTime:0.000997s ]
ERR: 无法加载模块:Public

[ 2016-09-15T21:29:07+08:00 ] 127.0.0.1 /Public/Uploads/Goods/2016-08-07/thumb_3_57a6fc8f2b400.jpg
INFO: [ app_init ] --START--
INFO: Run Behavior\BuildLiteBehavior [ RunTime:0.000056s ]
INFO: [ app_init ] --END-- [ RunTime:0.004585s ]
ERR: 无法加载模块:Public

[ 2016-09-15T21:29:07+08:00 ] 127.0.0.1 /Public/Uploads/Goods/2016-08-07/thumb_3_57a6fbb38ff0c.jpg
INFO: [ app_init ] --START--
INFO: Run Behavior\BuildLiteBehavior [ RunTime:0.000048s ]
INFO: [ app_init ] --END-- [ RunTime:0.001004s ]
ERR: 无法加载模块:Public

[ 2016-09-15T21:29:07+08:00 ] 127.0.0.1 /Public/Uploads/Goods/2016-08-05/thumb_3_57a4400e898cf.jpg
INFO: [ app_init ] --START--
INFO: Run Behavior\BuildLiteBehavior [ RunTime:0.000051s ]
INFO: [ app_init ] --END-- [ RunTime:0.001038s ]
ERR: 无法加载模块:Public

[ 2016-09-15T21:29:07+08:00 ] 127.0.0.1 /Public/Uploads/
INFO: [ app_init ] --START--
INFO: Run Behavior\BuildLiteBehavior [ RunTime:0.000051s ]
INFO: [ app_init ] --END-- [ RunTime:0.000902s ]
ERR: 无法加载模块:Public

[ 2016-09-15T21:29:07+08:00 ] 127.0.0.1 /Public/Uploads/Goods/2016-09-15/thumb_3_57da5643e25e9.jpg
INFO: [ app_init ] --START--
INFO: Run Behavior\BuildLiteBehavior [ RunTime:0.000054s ]
INFO: [ app_init ] --END-- [ RunTime:0.000918s ]
ERR: 无法加载模块:Public

[ 2016-09-15T21:29:07+08:00 ] 127.0.0.1 /Public/Uploads/Goods/2016-08-05/thumb_3_57a44033acb20.jpg
INFO: [ app_init ] --START--
INFO: Run Behavior\BuildLiteBehavior [ RunTime:0.000057s ]
INFO: [ app_init ] --END-- [ RunTime:0.002203s ]
ERR: 无法加载模块:Public

[ 2016-09-15T21:29:07+08:00 ] 127.0.0.1 /Public/Uploads/Goods/2016-09-15/thumb_3_57da08756c283.jpg
INFO: [ app_init ] --START--
INFO: Run Behavior\BuildLiteBehavior [ RunTime:0.000075s ]
INFO: [ app_init ] --END-- [ RunTime:0.000928s ]
ERR: 无法加载模块:Public

[ 2016-09-15T21:29:07+08:00 ] 127.0.0.1 /Public/Uploads/Goods/2016-08-05/thumb_3_57a48420e02b7.jpg
INFO: [ app_init ] --START--
INFO: Run Behavior\BuildLiteBehavior [ RunTime:0.000050s ]
INFO: [ app_init ] --END-- [ RunTime:0.000924s ]
ERR: 无法加载模块:Public

[ 2016-09-15T21:29:07+08:00 ] 127.0.0.1 /Public/Uploads/Goods/2016-09-15/thumb_3_57da06b4b27ba.jpg
INFO: [ app_init ] --START--
INFO: Run Behavior\BuildLiteBehavior [ RunTime:0.000053s ]
INFO: [ app_init ] --END-- [ RunTime:0.000998s ]
ERR: 无法加载模块:Public

[ 2016-09-15T21:29:07+08:00 ] 127.0.0.1 /Public/Uploads/Goods/2016-09-10/thumb_3_57d37e60141b6.jpg
INFO: [ app_init ] --START--
INFO: Run Behavior\BuildLiteBehavior [ RunTime:0.000053s ]
INFO: [ app_init ] --END-- [ RunTime:0.001144s ]
ERR: 无法加载模块:Public

[ 2016-09-15T21:29:13+08:00 ] 127.0.0.1 /Public/Uploads/Goods/2016-09-15/thumb_1_57da56447635a.jpg
INFO: [ app_init ] --START--
INFO: Run Behavior\BuildLiteBehavior [ RunTime:0.000050s ]
INFO: [ app_init ] --END-- [ RunTime:0.000957s ]
ERR: 无法加载模块:Public

[ 2016-09-15T21:29:13+08:00 ] 127.0.0.1 /Public/Uploads/Goods/2016-09-15/thumb_2_57da5643e25e9.jpg
INFO: [ app_init ] --START--
INFO: Run Behavior\BuildLiteBehavior [ RunTime:0.000048s ]
INFO: [ app_init ] --END-- [ RunTime:0.000944s ]
ERR: 无法加载模块:Public

[ 2016-09-15T21:29:27+08:00 ] 127.0.0.1 /Public/Uploads/Goods/2016-09-15/thumb_3_57da5643e25e9.jpg
INFO: [ app_init ] --START--
INFO: Run Behavior\BuildLiteBehavior [ RunTime:0.000056s ]
INFO: [ app_init ] --END-- [ RunTime:0.000965s ]
ERR: 无法加载模块:Public

[ 2016-09-15T21:29:27+08:00 ] 127.0.0.1 /Public/Uploads/Goods/2016-09-15/thumb_3_57da08756c283.jpg
INFO: [ app_init ] --START--
INFO: Run Behavior\BuildLiteBehavior [ RunTime:0.000053s ]
INFO: [ app_init ] --END-- [ RunTime:0.001186s ]
ERR: 无法加载模块:Public

[ 2016-09-15T21:29:27+08:00 ] 127.0.0.1 /Public/Uploads/Goods/2016-09-15/thumb_3_57da06b4b27ba.jpg
INFO: [ app_init ] --START--
INFO: Run Behavior\BuildLiteBehavior [ RunTime:0.000050s ]
INFO: [ app_init ] --END-- [ RunTime:0.000922s ]
ERR: 无法加载模块:Public

[ 2016-09-15T21:29:27+08:00 ] 127.0.0.1 /Public/Uploads/Goods/2016-09-15/thumb_3_57da03e69bd39.jpg
INFO: [ app_init ] --START--
INFO: Run Behavior\BuildLiteBehavior [ RunTime:0.000048s ]
INFO: [ app_init ] --END-- [ RunTime:0.000882s ]
ERR: 无法加载模块:Public

[ 2016-09-15T21:29:27+08:00 ] 127.0.0.1 /Public/Uploads/Goods/2016-09-08/thumb_3_57d11609b091c.jpg
INFO: [ app_init ] --START--
INFO: Run Behavior\BuildLiteBehavior [ RunTime:0.000055s ]
INFO: [ app_init ] --END-- [ RunTime:0.000946s ]
ERR: 无法加载模块:Public

[ 2016-09-15T21:29:27+08:00 ] 127.0.0.1 /Public/Uploads/Goods/2016-09-13/thumb_3_57d75f31b5577.jpg
INFO: [ app_init ] --START--
INFO: Run Behavior\BuildLiteBehavior [ RunTime:0.000054s ]
INFO: [ app_init ] --END-- [ RunTime:0.000987s ]
ERR: 无法加载模块:Public

[ 2016-09-15T21:29:27+08:00 ] 127.0.0.1 /Public/Uploads/Goods/2016-09-13/thumb_3_57d7b143042ae.png
INFO: [ app_init ] --START--
INFO: Run Behavior\BuildLiteBehavior [ RunTime:0.000083s ]
INFO: [ app_init ] --END-- [ RunTime:0.001232s ]
ERR: 无法加载模块:Public

[ 2016-09-15T21:29:27+08:00 ] 127.0.0.1 /Public/Uploads/Goods/2016-08-27/thumb_3_57c14d9821a0d.jpg
INFO: [ app_init ] --START--
INFO: Run Behavior\BuildLiteBehavior [ RunTime:0.000052s ]
INFO: [ app_init ] --END-- [ RunTime:0.001003s ]
ERR: 无法加载模块:Public

[ 2016-09-15T21:29:27+08:00 ] 127.0.0.1 /Public/Uploads/Goods/2016-08-12/thumb_3_57ad2cd217918.jpg
INFO: [ app_init ] --START--
INFO: Run Behavior\BuildLiteBehavior [ RunTime:0.000051s ]
INFO: [ app_init ] --END-- [ RunTime:0.001249s ]
ERR: 无法加载模块:Public

[ 2016-09-15T21:29:27+08:00 ] 127.0.0.1 /Public/Uploads/Goods/2016-08-07/thumb_3_57a6fbb38ff0c.jpg
INFO: [ app_init ] --START--
INFO: Run Behavior\BuildLiteBehavior [ RunTime:0.000061s ]
INFO: [ app_init ] --END-- [ RunTime:0.000915s ]
ERR: 无法加载模块:Public

[ 2016-09-15T21:29:27+08:00 ] 127.0.0.1 /Public/Uploads/Goods/2016-08-15/thumb_3_57b1361937ef4.jpg
INFO: [ app_init ] --START--
INFO: Run Behavior\BuildLiteBehavior [ RunTime:0.000057s ]
INFO: [ app_init ] --END-- [ RunTime:0.001042s ]
ERR: 无法加载模块:Public

[ 2016-09-15T21:29:27+08:00 ] 127.0.0.1 /Public/Uploads/Goods/2016-08-05/thumb_3_57a439bc64f1d.jpg
INFO: [ app_init ] --START--
INFO: Run Behavior\BuildLiteBehavior [ RunTime:0.000052s ]
INFO: [ app_init ] --END-- [ RunTime:0.000859s ]
ERR: 无法加载模块:Public

[ 2016-09-15T21:29:27+08:00 ] 127.0.0.1 /Public/Uploads/Goods/2016-08-07/thumb_3_57a6fc8f2b400.jpg
INFO: [ app_init ] --START--
INFO: Run Behavior\BuildLiteBehavior [ RunTime:0.000055s ]
INFO: [ app_init ] --END-- [ RunTime:0.001698s ]
ERR: 无法加载模块:Public

[ 2016-09-15T21:29:27+08:00 ] 127.0.0.1 /Public/Uploads/Goods/2016-08-05/thumb_3_57a44033acb20.jpg
INFO: [ app_init ] --START--
INFO: Run Behavior\BuildLiteBehavior [ RunTime:0.000052s ]
INFO: [ app_init ] --END-- [ RunTime:0.000874s ]
ERR: 无法加载模块:Public

[ 2016-09-15T21:29:27+08:00 ] 127.0.0.1 /Public/Uploads/Goods/2016-08-05/thumb_3_57a4400e898cf.jpg
INFO: [ app_init ] --START--
INFO: Run Behavior\BuildLiteBehavior [ RunTime:0.000055s ]
INFO: [ app_init ] --END-- [ RunTime:0.000944s ]
ERR: 无法加载模块:Public

[ 2016-09-15T21:29:27+08:00 ] 127.0.0.1 /Public/Uploads/Goods/2016-08-05/thumb_3_57a48420e02b7.jpg
INFO: [ app_init ] --START--
INFO: Run Behavior\BuildLiteBehavior [ RunTime:0.000049s ]
INFO: [ app_init ] --END-- [ RunTime:0.000923s ]
ERR: 无法加载模块:Public

[ 2016-09-15T21:29:27+08:00 ] 127.0.0.1 /Public/Uploads/Goods/2016-09-10/thumb_3_57d37e60141b6.jpg
INFO: [ app_init ] --START--
INFO: Run Behavior\BuildLiteBehavior [ RunTime:0.000048s ]
INFO: [ app_init ] --END-- [ RunTime:0.000860s ]
ERR: 无法加载模块:Public

[ 2016-09-15T21:29:27+08:00 ] 127.0.0.1 /Public/Uploads/Goods/2016-08-09/thumb_3_57a94165b3b2a.jpg
INFO: [ app_init ] --START--
INFO: Run Behavior\BuildLiteBehavior [ RunTime:0.000053s ]
INFO: [ app_init ] --END-- [ RunTime:0.001049s ]
ERR: 无法加载模块:Public

[ 2016-09-15T21:29:27+08:00 ] 127.0.0.1 /Public/Uploads/
INFO: [ app_init ] --START--
INFO: Run Behavior\BuildLiteBehavior [ RunTime:0.000031s ]
INFO: [ app_init ] --END-- [ RunTime:0.000616s ]
ERR: 无法加载模块:Public

[ 2016-09-15T21:29:34+08:00 ] 127.0.0.1 /favicon.ico
INFO: [ app_init ] --START--
INFO: Run Behavior\BuildLiteBehavior [ RunTime:0.000030s ]
INFO: [ app_init ] --END-- [ RunTime:0.000582s ]
ERR: 无法加载模块:Favicon

[ 2016-09-15T21:29:34+08:00 ] 127.0.0.1 /Public/Uploads/Goods/2016-08-27/thumb_2_57c14d9821a0d.jpg
INFO: [ app_init ] --START--
INFO: Run Behavior\BuildLiteBehavior [ RunTime:0.000052s ]
INFO: [ app_init ] --END-- [ RunTime:0.000973s ]
ERR: 无法加载模块:Public

[ 2016-09-15T21:29:35+08:00 ] 127.0.0.1 /Public/Uploads/Goods/2016-09-13/thumb_2_57d75f31b5577.jpg
INFO: [ app_init ] --START--
INFO: Run Behavior\BuildLiteBehavior [ RunTime:0.000051s ]
INFO: [ app_init ] --END-- [ RunTime:0.000846s ]
ERR: 无法加载模块:Public

[ 2016-09-15T21:29:35+08:00 ] 127.0.0.1 /Public/Uploads/Goods/2016-09-13/thumb_2_57d7b143042ae.png
INFO: [ app_init ] --START--
INFO: Run Behavior\BuildLiteBehavior [ RunTime:0.000049s ]
INFO: [ app_init ] --END-- [ RunTime:0.000966s ]
ERR: 无法加载模块:Public

[ 2016-09-15T21:29:35+08:00 ] 127.0.0.1 /Public/Uploads/Goods/2016-09-15/thumb_2_57da03e69bd39.jpg
INFO: [ app_init ] --START--
INFO: Run Behavior\BuildLiteBehavior [ RunTime:0.000054s ]
INFO: [ app_init ] --END-- [ RunTime:0.000948s ]
ERR: 无法加载模块:Public

[ 2016-09-15T21:29:35+08:00 ] 127.0.0.1 /Public/Uploads/Goods/2016-09-08/thumb_2_57d11609b091c.jpg
INFO: [ app_init ] --START--
INFO: Run Behavior\BuildLiteBehavior [ RunTime:0.000052s ]
INFO: [ app_init ] --END-- [ RunTime:0.001092s ]
ERR: 无法加载模块:Public

[ 2016-09-15T21:29:35+08:00 ] 127.0.0.1 /Public/Uploads/Goods/2016-08-05/thumb_2_57a4400e898cf.jpg
INFO: [ app_init ] --START--
INFO: Run Behavior\BuildLiteBehavior [ RunTime:0.000053s ]
INFO: [ app_init ] --END-- [ RunTime:0.001129s ]
ERR: 无法加载模块:Public

[ 2016-09-15T21:29:35+08:00 ] 127.0.0.1 /Public/Uploads/Goods/2016-09-15/thumb_2_57da06b4b27ba.jpg
INFO: [ app_init ] --START--
INFO: Run Behavior\BuildLiteBehavior [ RunTime:0.000051s ]
INFO: [ app_init ] --END-- [ RunTime:0.000890s ]
ERR: 无法加载模块:Public

[ 2016-09-15T21:29:35+08:00 ] 127.0.0.1 /Public/Uploads/Goods/2016-08-05/thumb_2_57a439bc64f1d.jpg
INFO: [ app_init ] --START--
INFO: Run Behavior\BuildLiteBehavior [ RunTime:0.000051s ]
INFO: [ app_init ] --END-- [ RunTime:0.000888s ]
ERR: 无法加载模块:Public

[ 2016-09-15T21:29:35+08:00 ] 127.0.0.1 /Public/Uploads/Goods/2016-08-15/thumb_2_57b1361937ef4.jpg
INFO: [ app_init ] --START--
INFO: Run Behavior\BuildLiteBehavior [ RunTime:0.000055s ]
INFO: [ app_init ] --END-- [ RunTime:0.000935s ]
ERR: 无法加载模块:Public

[ 2016-09-15T21:29:35+08:00 ] 127.0.0.1 /Public/Uploads/Goods/2016-08-07/thumb_2_57a6fbb38ff0c.jpg
INFO: [ app_init ] --START--
INFO: Run Behavior\BuildLiteBehavior [ RunTime:0.000055s ]
INFO: [ app_init ] --END-- [ RunTime:0.001072s ]
ERR: 无法加载模块:Public

[ 2016-09-15T21:29:35+08:00 ] 127.0.0.1 /Public/Uploads/Goods/2016-08-09/thumb_2_57a94165b3b2a.jpg
INFO: [ app_init ] --START--
INFO: Run Behavior\BuildLiteBehavior [ RunTime:0.000056s ]
INFO: [ app_init ] --END-- [ RunTime:0.002650s ]
ERR: 无法加载模块:Public

[ 2016-09-15T21:29:35+08:00 ] 127.0.0.1 /Public/Uploads/Goods/2016-08-07/thumb_2_57a6fc8f2b400.jpg
INFO: [ app_init ] --START--
INFO: Run Behavior\BuildLiteBehavior [ RunTime:0.000050s ]
INFO: [ app_init ] --END-- [ RunTime:0.000941s ]
ERR: 无法加载模块:Public

[ 2016-09-15T21:29:35+08:00 ] 127.0.0.1 /Public/Uploads/Brand/2016-08-15/57b11bd0089f9.jpg
INFO: [ app_init ] --START--
INFO: Run Behavior\BuildLiteBehavior [ RunTime:0.000067s ]
INFO: [ app_init ] --END-- [ RunTime:0.001139s ]
ERR: 无法加载模块:Public

[ 2016-09-15T21:29:35+08:00 ] 127.0.0.1 /Public/Uploads/Brand/2016-08-07/57a68c72ce877.jpg
INFO: [ app_init ] --START--
INFO: Run Behavior\BuildLiteBehavior [ RunTime:0.000050s ]
INFO: [ app_init ] --END-- [ RunTime:0.000888s ]
ERR: 无法加载模块:Public

[ 2016-09-15T21:29:35+08:00 ] 127.0.0.1 /Public/Uploads/Brand/2016-08-15/57b11be27d7d7.jpg
INFO: [ app_init ] --START--
INFO: Run Behavior\BuildLiteBehavior [ RunTime:0.000050s ]
INFO: [ app_init ] --END-- [ RunTime:0.000916s ]
ERR: 无法加载模块:Public

[ 2016-09-15T21:29:35+08:00 ] 127.0.0.1 /Public/Uploads/Brand/2016-08-07/57a6fcbe873a5.jpg
INFO: [ app_init ] --START--
INFO: Run Behavior\BuildLiteBehavior [ RunTime:0.000051s ]
INFO: [ app_init ] --END-- [ RunTime:0.000959s ]
ERR: 无法加载模块:Public

[ 2016-09-15T21:29:35+08:00 ] 127.0.0.1 /Public/Uploads/Brand/2016-08-07/57a6fb3e72dce.jpg
INFO: [ app_init ] --START--
INFO: Run Behavior\BuildLiteBehavior [ RunTime:0.000065s ]
INFO: [ app_init ] --END-- [ RunTime:0.001265s ]
ERR: 无法加载模块:Public

[ 2016-09-15T21:29:35+08:00 ] 127.0.0.1 /Public/Uploads/Brand/2016-09-15/57da067e2cc41.jpg
INFO: [ app_init ] --START--
INFO: Run Behavior\BuildLiteBehavior [ RunTime:0.000050s ]
INFO: [ app_init ] --END-- [ RunTime:0.000852s ]
ERR: 无法加载模块:Public

blic

[ 2016-09-15T21:29:35+08:00 ] 127.0.0.1 /Public/Uploads/Brand/2016-09-15/57da53c645d6a.jpg
INFO: [ app_init ] --START--
INFO: Run Behavior\BuildLiteBehavior [ RunTime:0.000143s ]
INFO: [ app_init ] --END-- [ RunTime:0.001853s ]
ERR: 无法加载模块:Public

[ 2016-09-15T21:29:35+08:00 ] 127.0.0.1 /Public/Uploads/Brand/2016-09-15/57da043914844.jpg
INFO: [ app_init ] --START--
INFO: Run Behavior\BuildLiteBehavior [ RunTime:0.000053s ]
INFO: [ app_init ] --END-- [ RunTime:0.000933s ]
ERR: 无法加载模块:Public

[ 2016-09-15T21:29:35+08:00 ] 127.0.0.1 /Public/Uploads/Goods/2016-09-15/thumb_2_57da08756c283.jpg
INFO: [ app_init ] --START--
INFO: Run Behavior\BuildLiteBehavior [ RunTime:0.000034s ]
INFO: [ app_init ] --END-- [ RunTime:0.000586s ]
ERR: 无法加载模块:Public

[ 2016-09-15T21:29:40+08:00 ] 127.0.0.1 /Public/Uploads/Goods/2016-09-08/thumb_1_57d11609b091c.jpg
INFO: [ app_init ] --START--
INFO: Run Behavior\BuildLiteBehavior [ RunTime:0.000064s ]
INFO: [ app_init ] --END-- [ RunTime:0.001044s ]
ERR: 无法加载模块:Public

[ 2016-09-15T21:29:40+08:00 ] 127.0.0.1 /Public/Uploads/Goods/2016-09-08/thumb_3_57d11609b091c.jpg
INFO: [ app_init ] --START--
INFO: Run Behavior\BuildLiteBehavior [ RunTime:0.000054s ]
INFO: [ app_init ] --END-- [ RunTime:0.000993s ]
ERR: 无法加载模块:Public

[ 2016-09-15T21:29:40+08:00 ] 127.0.0.1 /Public/Uploads/Goods/2016-09-08/thumb_2_57d1160a6675c.jpg
INFO: [ app_init ] --START--
INFO: Run Behavior\BuildLiteBehavior [ RunTime:0.000050s ]
INFO: [ app_init ] --END-- [ RunTime:0.000972s ]
ERR: 无法加载模块:Public

[ 2016-09-15T21:29:40+08:00 ] 127.0.0.1 /Public/Uploads/Goods/2016-09-08/thumb_2_57d11609b091c.jpg
INFO: [ app_init ] --START--
INFO: Run Behavior\BuildLiteBehavior [ RunTime:0.000057s ]
INFO: [ app_init ] --END-- [ RunTime:0.000897s ]
ERR: 无法加载模块:Public

[ 2016-09-15T21:29:40+08:00 ] 127.0.0.1 /Public/Uploads/Goods/2016-09-15/thumb_2_57da5643e25e9.jpg
INFO: [ app_init ] --START--
INFO: Run Behavior\BuildLiteBehavior [ RunTime:0.000053s ]
INFO: [ app_init ] --END-- [ RunTime:0.001178s ]
ERR: 无法加载模块:Public

[ 2016-09-15T21:29:40+08:00 ] 127.0.0.1 /Public/Uploads/Goods/2016-08-09/thumb_2_57a94165b3b2a.jpg
INFO: [ app_init ] --START--
INFO: Run Behavior\BuildLiteBehavior [ RunTime:0.000056s ]
INFO: [ app_init ] --END-- [ RunTime:0.001131s ]
ERR: 无法加载模块:Public

[ 2016-09-15T21:29:41+08:00 ] 127.0.0.1 /Public/Uploads/Goods/2016-09-13/thumb_2_57d7b143042ae.png
INFO: [ app_init ] --START--
INFO: Run Behavior\BuildLiteBehavior [ RunTime:0.000057s ]
INFO: [ app_init ] --END-- [ RunTime:0.001023s ]
ERR: 无法加载模块:Public

[ 2016-09-15T21:29:41+08:00 ] 127.0.0.1 /Public/Uploads/Goods/2016-08-27/thumb_2_57c14d9821a0d.jpg
INFO: [ app_init ] --START--
INFO: Run Behavior\BuildLiteBehavior [ RunTime:0.000053s ]
INFO: [ app_init ] --END-- [ RunTime:0.001001s ]
ERR: 无法加载模块:Public

[ 2016-09-15T21:29:41+08:00 ] 127.0.0.1 /Public/Uploads/Goods/2016-09-15/thumb_2_57da06b4b27ba.jpg
INFO: [ app_init ] --START--
INFO: Run Behavior\BuildLiteBehavior [ RunTime:0.000033s ]
INFO: [ app_init ] --END-- [ RunTime:0.000836s ]
ERR: 无法加载模块:Public

[ 2016-09-15T21:29:41+08:00 ] 127.0.0.1 /Public/Home/images/zoomloader.gif
INFO: [ app_init ] --START--
INFO: Run Behavior\BuildLiteBehavior [ RunTime:0.000077s ]
INFO: [ app_init ] --END-- [ RunTime:0.001658s ]
ERR: 无法加载模块:Public

[ 2016-09-15T21:29:57+08:00 ] 127.0.0.1 /Public/Uploads/Goods/2016-08-27/thumb_1_57c14d9821a0d.jpg
INFO: [ app_init ] --START--
INFO: Run Behavior\BuildLiteBehavior [ RunTime:0.000053s ]
INFO: [ app_init ] --END-- [ RunTime:0.000881s ]
ERR: 无法加载模块:Public

[ 2016-09-15T21:29:57+08:00 ] 127.0.0.1 /Public/Uploads/Goods/2016-08-27/thumb_3_57c14d9821a0d.jpg
INFO: [ app_init ] --START--
INFO: Run Behavior\BuildLiteBehavior [ RunTime:0.000049s ]
INFO: [ app_init ] --END-- [ RunTime:0.000828s ]
ERR: 无法加载模块:Public

[ 2016-09-15T21:29:57+08:00 ] 127.0.0.1 /Public/Uploads/Goods/2016-08-27/thumb_2_57c14d98ca0f3.jpg
INFO: [ app_init ] --START--
INFO: Run Behavior\BuildLiteBehavior [ RunTime:0.000051s ]
INFO: [ app_init ] --END-- [ RunTime:0.000878s ]
ERR: 无法加载模块:Public

[ 2016-09-15T21:29:57+08:00 ] 127.0.0.1 /Public/Uploads/Goods/2016-08-27/thumb_2_57c14d99353fb.jpg
INFO: [ app_init ] --START--
INFO: Run Behavior\BuildLiteBehavior [ RunTime:0.000049s ]
INFO: [ app_init ] --END-- [ RunTime:0.000834s ]
ERR: 无法加载模块:Public

[ 2016-09-15T21:29:57+08:00 ] 127.0.0.1 /Public/Uploads/Goods/2016-09-08/thumb_2_57d11609b091c.jpg
INFO: [ app_init ] --START--
INFO: Run Behavior\BuildLiteBehavior [ RunTime:0.000056s ]
INFO: [ app_init ] --END-- [ RunTime:0.000898s ]
ERR: 无法加载模块:Public

[ 2016-09-15T21:29:57+08:00 ] 127.0.0.1 /Public/Uploads/Goods/2016-09-15/thumb_2_57da5643e25e9.jpg
INFO: [ app_init ] --START--
INFO: Run Behavior\BuildLiteBehavior [ RunTime:0.000050s ]
INFO: [ app_init ] --END-- [ RunTime:0.000892s ]
ERR: 无法加载模块:Public

[ 2016-09-15T21:29:57+08:00 ] 127.0.0.1 /Public/Uploads/Goods/2016-08-27/thumb_2_57c14d9821a0d.jpg
INFO: [ app_init ] --START--
INFO: Run Behavior\BuildLiteBehavior [ RunTime:0.000053s ]
INFO: [ app_init ] --END-- [ RunTime:0.001225s ]
ERR: 无法加载模块:Public

[ 2016-09-15T21:29:57+08:00 ] 127.0.0.1 /Public/Uploads/Goods/2016-09-15/thumb_2_57da06b4b27ba.jpg
INFO: [ app_init ] --START--
INFO: Run Behavior\BuildLiteBehavior [ RunTime:0.000048s ]
INFO: [ app_init ] --END-- [ RunTime:0.000960s ]
ERR: 无法加载模块:Public

[ 2016-09-15T21:29:58+08:00 ] 127.0.0.1 /Public/Uploads/Goods/2016-08-09/thumb_2_57a94165b3b2a.jpg
INFO: [ app_init ] --START--
INFO: Run Behavior\BuildLiteBehavior [ RunTime:0.000052s ]
INFO: [ app_init ] --END-- [ RunTime:0.001022s ]
ERR: 无法加载模块:Public

[ 2016-09-15T21:29:58+08:00 ] 127.0.0.1 /Public/Uploads/Goods/2016-09-13/thumb_2_57d7b143042ae.png
INFO: [ app_init ] --START--
INFO: Run Behavior\BuildLiteBehavior [ RunTime:0.000053s ]
INFO: [ app_init ] --END-- [ RunTime:0.001037s ]
ERR: 无法加载模块:Public

[ 2016-09-15T21:30:01+08:00 ] 127.0.0.1 /Public/Uploads/Face/2016-09-12/57d6061314fd9.jpg
INFO: [ app_init ] --START--
INFO: Run Behavior\BuildLiteBehavior [ RunTime:0.000036s ]
INFO: [ app_init ] --END-- [ RunTime:0.000823s ]
ERR: 无法加载模块:Public

[ 2016-09-15T21:30:01+08:00 ] 127.0.0.1 /Public/Uploads/Face/2016-09-11/57d517af317dc.jpg
INFO: [ app_init ] --START--
INFO: Run Behavior\BuildLiteBehavior [ RunTime:0.000048s ]
INFO: [ app_init ] --END-- [ RunTime:0.000854s ]
ERR: 无法加载模块:Public

